<?xml version="1.0" encoding="UTF-8"?>
<robot generator="Robot 3.1.2 (Python 3.7.4 on win32)" generated="20190827 22:26:49.407" rpa="false">
<suite id="s1" name="Testweather" source="E:\work\weather-app\e2e\testweather.robot">
<test id="s1-t1" name="Open Weather App">
<kw name="Navigate To Weather App On Localhost">
<kw name="Open Browser" library="Selenium2Library">
<doc>Opens a new browser instance to the given ``url``.</doc>
<arguments>
<arg>localhost:4200</arg>
<arg>browser=chrome</arg>
</arguments>
<msg timestamp="20190827 22:26:49.559" level="INFO">Opening browser 'chrome' to base url 'localhost:4200'.</msg>
<status status="PASS" starttime="20190827 22:26:49.559" endtime="20190827 22:26:52.332"></status>
</kw>
<status status="PASS" starttime="20190827 22:26:49.559" endtime="20190827 22:26:52.332"></status>
</kw>
<kw name="Verify Page Contains Weather App Title">
<kw name="Get Title" library="Selenium2Library">
<doc>Returns the title of current page.</doc>
<assign>
<var>${Get_title}</var>
</assign>
<msg timestamp="20190827 22:26:52.339" level="INFO">${Get_title} = WeatherApp</msg>
<status status="PASS" starttime="20190827 22:26:52.333" endtime="20190827 22:26:52.339"></status>
</kw>
<kw name="Should Be Equal As Strings" library="BuiltIn">
<doc>Fails if objects are unequal after converting them to strings.</doc>
<arguments>
<arg>${Get_title}</arg>
<arg>WeatherApp</arg>
</arguments>
<status status="PASS" starttime="20190827 22:26:52.339" endtime="20190827 22:26:52.339"></status>
</kw>
<kw name="Close Browser" library="Selenium2Library">
<doc>Closes the current browser.</doc>
<status status="PASS" starttime="20190827 22:26:52.339" endtime="20190827 22:26:54.393"></status>
</kw>
<status status="PASS" starttime="20190827 22:26:52.333" endtime="20190827 22:26:54.394"></status>
</kw>
<status status="PASS" starttime="20190827 22:26:49.559" endtime="20190827 22:26:54.395" critical="yes"></status>
</test>
<status status="PASS" starttime="20190827 22:26:49.408" endtime="20190827 22:26:54.400"></status>
</suite>
<statistics>
<total>
<stat pass="1" fail="0">Critical Tests</stat>
<stat pass="1" fail="0">All Tests</stat>
</total>
<tag>
</tag>
<suite>
<stat pass="1" fail="0" id="s1" name="Testweather">Testweather</stat>
</suite>
</statistics>
<errors>
</errors>
</robot>
